DEBUG   |170402 06:26:14|Fetching filter data from database
DEBUG   |170402 06:26:14|Loading filters
DEBUG   |170402 06:26:14|-- Loading filter Directories
DEBUG   |170402 06:26:14|-- Loading filter Extradirs
DEBUG   |170402 06:26:14|-- Loading filter Files
DEBUG   |170402 06:26:14|-- Loading filter Incremental
DEBUG   |170402 06:26:14|-- Loading filter Multidb
DEBUG   |170402 06:26:14|-- Loading filter Regexdirectories
DEBUG   |170402 06:26:14|-- Loading filter Regexfiles
DEBUG   |170402 06:26:14|-- Loading filter Regexskipdirs
DEBUG   |170402 06:26:14|-- Loading filter Regexskipfiles
DEBUG   |170402 06:26:14|-- Loading filter Regextabledata
DEBUG   |170402 06:26:14|-- Loading filter Regextables
DEBUG   |170402 06:26:14|-- Loading filter Skipdirs
DEBUG   |170402 06:26:14|-- Loading filter Skipfiles
DEBUG   |170402 06:26:14|-- Loading filter Tabledata
DEBUG   |170402 06:26:14|-- Loading filter Tables
DEBUG   |170402 06:26:14|-- Loading filter Cvsfolders
DEBUG   |170402 06:26:14|-- Loading filter Excludefiles
DEBUG   |170402 06:26:14|-- Loading filter Excludefolders
DEBUG   |170402 06:26:14|-- Loading filter Excludetabledata
DEBUG   |170402 06:26:14|-- Loading filter Joomlaskipdirs
DEBUG   |170402 06:26:14|-- Loading filter Joomlaskipfiles
DEBUG   |170402 06:26:14|-- Loading filter Libraries
DEBUG   |170402 06:26:14|-- Loading filter Sitedb
DEBUG   |170402 06:26:14|-- Loading filter Siteroot
DEBUG   |170402 06:26:14|-- Loading filter Systemcachefiles
DEBUG   |170402 06:26:14|Loading optional filters
DEBUG   |170402 06:26:14|-- Loading optional filter Stack\StackErrorlogs
DEBUG   |170402 06:26:14|-- Loading optional filter Stack\StackHoststats
DEBUG   |170402 06:26:14|-- Loading optional filter Stack\StackFinder
DEBUG   |170402 06:26:14|-- Loading optional filter Stack\StackMyjoomla
